c:\users\lexer\onedrive\documents\visual studio 2013\projects\tinyworld\lexgine\lexgine\lexgine\x64\debug\lexgine.pdb
c:\users\lexer\onedrive\documents\visual studio 2013\projects\tinyworld\lexgine\lexgine\lexgine\x64\debug\lexgine.idb
c:\users\lexer\onedrive\documents\visual studio 2013\projects\tinyworld\lexgine\lexgine\lexgine\x64\debug\class_names.obj
c:\users\lexer\onedrive\documents\visual studio 2013\projects\tinyworld\lexgine\lexgine\lexgine\x64\debug\datetime.obj
c:\users\lexer\onedrive\documents\visual studio 2013\projects\tinyworld\lexgine\lexgine\lexgine\x64\debug\entity.obj
c:\users\lexer\onedrive\documents\visual studio 2013\projects\tinyworld\lexgine\lexgine\lexgine\x64\debug\error_behavioral.obj
c:\users\lexer\onedrive\documents\visual studio 2013\projects\tinyworld\lexgine\lexgine\lexgine\x64\debug\listener.obj
c:\users\lexer\onedrive\documents\visual studio 2013\projects\tinyworld\lexgine\lexgine\lexgine\x64\debug\log.obj
c:\users\lexer\onedrive\documents\visual studio 2013\projects\tinyworld\lexgine\lexgine\lexgine\x64\debug\rectangle.obj
c:\users\lexer\onedrive\documents\visual studio 2013\projects\tinyworld\lexgine\lexgine\lexgine\x64\debug\swap_chain.obj
c:\users\lexer\onedrive\documents\visual studio 2013\projects\tinyworld\lexgine\lexgine\lexgine\x64\debug\window_listeners.obj
c:\users\lexer\onedrive\documents\visual studio 2013\projects\tinyworld\lexgine\lexgine\lexgine\x64\debug\hw_adapter_enumerator.obj
c:\users\lexer\onedrive\documents\visual studio 2013\projects\tinyworld\lexgine\lexgine\lexgine\x64\debug\hw_output_enumerator.obj
c:\users\lexer\onedrive\documents\visual studio 2013\projects\tinyworld\lexgine\lexgine\lexgine\x64\debug\window.obj
c:\users\lexer\onedrive\documents\visual studio 2013\projects\tinyworld\lexgine\lexgine\x64\debug\lexgine.lib
c:\users\lexer\onedrive\documents\visual studio 2013\projects\tinyworld\lexgine\lexgine\x64\debug\lexgine.pdb
c:\users\lexer\onedrive\documents\visual studio 2013\projects\tinyworld\lexgine\lexgine\lexgine\x64\debug\lexgine.tlog\cl.command.1.tlog
c:\users\lexer\onedrive\documents\visual studio 2013\projects\tinyworld\lexgine\lexgine\lexgine\x64\debug\lexgine.tlog\cl.read.1.tlog
c:\users\lexer\onedrive\documents\visual studio 2013\projects\tinyworld\lexgine\lexgine\lexgine\x64\debug\lexgine.tlog\cl.write.1.tlog
c:\users\lexer\onedrive\documents\visual studio 2013\projects\tinyworld\lexgine\lexgine\lexgine\x64\debug\lexgine.tlog\lib-link.read.1.tlog
c:\users\lexer\onedrive\documents\visual studio 2013\projects\tinyworld\lexgine\lexgine\lexgine\x64\debug\lexgine.tlog\lib-link.write.1.tlog
c:\users\lexer\onedrive\documents\visual studio 2013\projects\tinyworld\lexgine\lexgine\lexgine\x64\debug\lexgine.tlog\lib.command.1.tlog
