  constant_buffer.cpp
c:\users\lexer\onedrive\documents\visual studio 2013\projects\tinyworld\lexgine\lexgine\lexgine\constant_buffer_impl.inl(132): error C2988: unrecognizable template declaration/definition
c:\users\lexer\onedrive\documents\visual studio 2013\projects\tinyworld\lexgine\lexgine\lexgine\constant_buffer_impl.inl(132): error C2143: syntax error: missing ';' before '<'
c:\users\lexer\onedrive\documents\visual studio 2013\projects\tinyworld\lexgine\lexgine\lexgine\constant_buffer_impl.inl(132): error C2238: unexpected token(s) preceding ';'
c:\users\lexer\onedrive\documents\visual studio 2013\projects\tinyworld\lexgine\lexgine\lexgine\constant_buffer_impl.inl(132): error C2059: syntax error: '<'
c:\users\lexer\onedrive\documents\visual studio 2013\projects\tinyworld\lexgine\lexgine\lexgine\constant_buffer_impl.inl(147): error C2334: unexpected token(s) preceding '{'; skipping apparent function body
c:\users\lexer\onedrive\documents\visual studio 2013\projects\tinyworld\lexgine\lexgine\lexgine\constant_buffer_impl.inl(156): error C2988: unrecognizable template declaration/definition
c:\users\lexer\onedrive\documents\visual studio 2013\projects\tinyworld\lexgine\lexgine\lexgine\constant_buffer_impl.inl(156): error C2143: syntax error: missing ';' before '<'
c:\users\lexer\onedrive\documents\visual studio 2013\projects\tinyworld\lexgine\lexgine\lexgine\constant_buffer_impl.inl(156): error C2238: unexpected token(s) preceding ';'
c:\users\lexer\onedrive\documents\visual studio 2013\projects\tinyworld\lexgine\lexgine\lexgine\constant_buffer_impl.inl(156): error C2059: syntax error: '<'
c:\users\lexer\onedrive\documents\visual studio 2013\projects\tinyworld\lexgine\lexgine\lexgine\constant_buffer_impl.inl(175): error C2065: 'nrows': undeclared identifier
c:\users\lexer\onedrive\documents\visual studio 2013\projects\tinyworld\lexgine\lexgine\lexgine\constant_buffer_impl.inl(175): error C2065: 'ncolumns': undeclared identifier
c:\users\lexer\onedrive\documents\visual studio 2013\projects\tinyworld\lexgine\lexgine\lexgine\constant_buffer_impl.inl(175): error C2975: 'nrows': invalid template argument for 'lexgine::core::math::shader_matrix_type', expected compile-time constant expression
  c:\users\lexer\onedrive\documents\visual studio 2013\projects\tinyworld\lexgine\lexgine\lexgine\matrix_types.h(12): note: see declaration of 'nrows'
c:\users\lexer\onedrive\documents\visual studio 2013\projects\tinyworld\lexgine\lexgine\lexgine\constant_buffer_impl.inl(175): error C2975: 'ncolumns': invalid template argument for 'lexgine::core::math::shader_matrix_type', expected compile-time constant expression
  c:\users\lexer\onedrive\documents\visual studio 2013\projects\tinyworld\lexgine\lexgine\lexgine\matrix_types.h(12): note: see declaration of 'ncolumns'
c:\users\lexer\onedrive\documents\visual studio 2013\projects\tinyworld\lexgine\lexgine\lexgine\constant_buffer_impl.inl(176): error C2065: 'nrows': undeclared identifier
c:\users\lexer\onedrive\documents\visual studio 2013\projects\tinyworld\lexgine\lexgine\lexgine\constant_buffer_impl.inl(176): error C2065: 'ncolumns': undeclared identifier
c:\users\lexer\onedrive\documents\visual studio 2013\projects\tinyworld\lexgine\lexgine\lexgine\constant_buffer_impl.inl(176): error C2975: 'nrows': invalid template argument for 'lexgine::core::math::shader_matrix_type', expected compile-time constant expression
  c:\users\lexer\onedrive\documents\visual studio 2013\projects\tinyworld\lexgine\lexgine\lexgine\matrix_types.h(12): note: see declaration of 'nrows'
c:\users\lexer\onedrive\documents\visual studio 2013\projects\tinyworld\lexgine\lexgine\lexgine\constant_buffer_impl.inl(176): error C2975: 'ncolumns': invalid template argument for 'lexgine::core::math::shader_matrix_type', expected compile-time constant expression
  c:\users\lexer\onedrive\documents\visual studio 2013\projects\tinyworld\lexgine\lexgine\lexgine\matrix_types.h(12): note: see declaration of 'ncolumns'
c:\users\lexer\onedrive\documents\visual studio 2013\projects\tinyworld\lexgine\lexgine\lexgine\constant_buffer_impl.inl(177): error C2334: unexpected token(s) preceding '{'; skipping apparent function body
c:\users\lexer\onedrive\documents\visual studio 2013\projects\tinyworld\lexgine\lexgine\lexgine\constant_buffer_impl.inl(194): error C2988: unrecognizable template declaration/definition
c:\users\lexer\onedrive\documents\visual studio 2013\projects\tinyworld\lexgine\lexgine\lexgine\constant_buffer_impl.inl(194): error C2143: syntax error: missing ';' before '<'
c:\users\lexer\onedrive\documents\visual studio 2013\projects\tinyworld\lexgine\lexgine\lexgine\constant_buffer_impl.inl(194): error C2238: unexpected token(s) preceding ';'
c:\users\lexer\onedrive\documents\visual studio 2013\projects\tinyworld\lexgine\lexgine\lexgine\constant_buffer_impl.inl(194): error C2059: syntax error: '<'
c:\users\lexer\onedrive\documents\visual studio 2013\projects\tinyworld\lexgine\lexgine\lexgine\constant_buffer.h(22): error C2334: unexpected token(s) preceding ':'; skipping apparent function body
c:\users\lexer\onedrive\documents\visual studio 2013\projects\tinyworld\lexgine\lexgine\lexgine\constant_buffer.h(272): error C2988: unrecognizable template declaration/definition
c:\users\lexer\onedrive\documents\visual studio 2013\projects\tinyworld\lexgine\lexgine\lexgine\constant_buffer.h(272): error C2143: syntax error: missing ';' before '}'
c:\users\lexer\onedrive\documents\visual studio 2013\projects\tinyworld\lexgine\lexgine\lexgine\constant_buffer.cpp(8): error C2511: 'lexgine::core::dx::d3d12::ConstantBuffer::ConstantBuffer(void)': overloaded member function not found in 'lexgine::core::dx::d3d12::ConstantBuffer'
  c:\users\lexer\onedrive\documents\visual studio 2013\projects\tinyworld\lexgine\lexgine\lexgine\constant_buffer.h(15): note: see declaration of 'lexgine::core::dx::d3d12::ConstantBuffer'
c:\users\lexer\onedrive\documents\visual studio 2013\projects\tinyworld\lexgine\lexgine\lexgine\constant_buffer.cpp(12): error C2550: 'lexgine::core::dx::d3d12::ConstantBuffer::{ctor}': constructor initializer lists are only allowed on constructor definitions
c:\users\lexer\onedrive\documents\visual studio 2013\projects\tinyworld\lexgine\lexgine\lexgine\constant_buffer.cpp(15): error C2511: 'lexgine::core::dx::d3d12::ConstantBuffer::ConstantBuffer(lexgine::core::dx::d3d12::ConstantBuffer &&)': overloaded member function not found in 'lexgine::core::dx::d3d12::ConstantBuffer'
  c:\users\lexer\onedrive\documents\visual studio 2013\projects\tinyworld\lexgine\lexgine\lexgine\constant_buffer.h(15): note: see declaration of 'lexgine::core::dx::d3d12::ConstantBuffer'
c:\users\lexer\onedrive\documents\visual studio 2013\projects\tinyworld\lexgine\lexgine\lexgine\constant_buffer.cpp(16): error C2039: 'm_constants': is not a member of 'lexgine::core::dx::d3d12::ConstantBuffer'
  c:\users\lexer\onedrive\documents\visual studio 2013\projects\tinyworld\lexgine\lexgine\lexgine\constant_buffer.h(15): note: see declaration of 'lexgine::core::dx::d3d12::ConstantBuffer'
c:\users\lexer\onedrive\documents\visual studio 2013\projects\tinyworld\lexgine\lexgine\lexgine\constant_buffer.cpp(17): error C2039: 'm_current_offset': is not a member of 'lexgine::core::dx::d3d12::ConstantBuffer'
  c:\users\lexer\onedrive\documents\visual studio 2013\projects\tinyworld\lexgine\lexgine\lexgine\constant_buffer.h(15): note: see declaration of 'lexgine::core::dx::d3d12::ConstantBuffer'
c:\users\lexer\onedrive\documents\visual studio 2013\projects\tinyworld\lexgine\lexgine\lexgine\constant_buffer.cpp(18): error C2039: 'm_is_constructed': is not a member of 'lexgine::core::dx::d3d12::ConstantBuffer'
  c:\users\lexer\onedrive\documents\visual studio 2013\projects\tinyworld\lexgine\lexgine\lexgine\constant_buffer.h(15): note: see declaration of 'lexgine::core::dx::d3d12::ConstantBuffer'
c:\users\lexer\onedrive\documents\visual studio 2013\projects\tinyworld\lexgine\lexgine\lexgine\constant_buffer.cpp(19): error C2550: 'lexgine::core::dx::d3d12::ConstantBuffer::{ctor}': constructor initializer lists are only allowed on constructor definitions
c:\users\lexer\onedrive\documents\visual studio 2013\projects\tinyworld\lexgine\lexgine\lexgine\constant_buffer.cpp(20): error C2065: 'm_raw_data': undeclared identifier
c:\users\lexer\onedrive\documents\visual studio 2013\projects\tinyworld\lexgine\lexgine\lexgine\constant_buffer.cpp(20): error C2039: 'm_raw_data': is not a member of 'lexgine::core::dx::d3d12::ConstantBuffer'
  c:\users\lexer\onedrive\documents\visual studio 2013\projects\tinyworld\lexgine\lexgine\lexgine\constant_buffer.h(15): note: see declaration of 'lexgine::core::dx::d3d12::ConstantBuffer'
c:\users\lexer\onedrive\documents\visual studio 2013\projects\tinyworld\lexgine\lexgine\lexgine\constant_buffer.cpp(24): error C2511: 'lexgine::core::dx::d3d12::ConstantBuffer::~ConstantBuffer(void)': overloaded member function not found in 'lexgine::core::dx::d3d12::ConstantBuffer'
  c:\users\lexer\onedrive\documents\visual studio 2013\projects\tinyworld\lexgine\lexgine\lexgine\constant_buffer.h(15): note: see declaration of 'lexgine::core::dx::d3d12::ConstantBuffer'
c:\users\lexer\onedrive\documents\visual studio 2013\projects\tinyworld\lexgine\lexgine\lexgine\constant_buffer.cpp(25): error C2065: 'm_raw_data': undeclared identifier
c:\users\lexer\onedrive\documents\visual studio 2013\projects\tinyworld\lexgine\lexgine\lexgine\constant_buffer.cpp(30): error C2065: 'm_is_constructed': undeclared identifier
c:\users\lexer\onedrive\documents\visual studio 2013\projects\tinyworld\lexgine\lexgine\lexgine\constant_buffer.cpp(32): error C2065: 'm_raw_data': undeclared identifier
c:\users\lexer\onedrive\documents\visual studio 2013\projects\tinyworld\lexgine\lexgine\lexgine\constant_buffer.cpp(33): error C2065: 'm_raw_data': undeclared identifier
c:\users\lexer\onedrive\documents\visual studio 2013\projects\tinyworld\lexgine\lexgine\lexgine\constant_buffer.cpp(33): error C2065: 'm_current_offset': undeclared identifier
c:\users\lexer\onedrive\documents\visual studio 2013\projects\tinyworld\lexgine\lexgine\lexgine\constant_buffer.cpp(35): error C2065: 'm_constants': undeclared identifier
c:\users\lexer\onedrive\documents\visual studio 2013\projects\tinyworld\lexgine\lexgine\lexgine\constant_buffer.cpp(36): error C3312: no callable 'begin' function found for type 'unknown-type'
c:\users\lexer\onedrive\documents\visual studio 2013\projects\tinyworld\lexgine\lexgine\lexgine\constant_buffer.cpp(36): error C3312: no callable 'end' function found for type 'unknown-type'
c:\users\lexer\onedrive\documents\visual studio 2013\projects\tinyworld\lexgine\lexgine\lexgine\constant_buffer.cpp(37): error C2065: 'm_raw_data': undeclared identifier
c:\users\lexer\onedrive\documents\visual studio 2013\projects\tinyworld\lexgine\lexgine\lexgine\constant_buffer.cpp(37): error C2065: 'desc': undeclared identifier
c:\users\lexer\onedrive\documents\visual studio 2013\projects\tinyworld\lexgine\lexgine\lexgine\constant_buffer.cpp(38): error C2065: 'desc': undeclared identifier
c:\users\lexer\onedrive\documents\visual studio 2013\projects\tinyworld\lexgine\lexgine\lexgine\constant_buffer.cpp(39): error C2065: 'desc': undeclared identifier
c:\users\lexer\onedrive\documents\visual studio 2013\projects\tinyworld\lexgine\lexgine\lexgine\constant_buffer.cpp(39): error C2660: 'memcpy': function does not take 2 arguments
c:\users\lexer\onedrive\documents\visual studio 2013\projects\tinyworld\lexgine\lexgine\lexgine\constant_buffer.cpp(40): error C2065: 'desc': undeclared identifier
c:\users\lexer\onedrive\documents\visual studio 2013\projects\tinyworld\lexgine\lexgine\lexgine\constant_buffer.cpp(40): error C2440: 'initializing': cannot convert from 'initializer list' to 'std::unique_ptr<lexgine::core::DataBlob,std::default_delete<_Ty>>'
          with
          [
              _Ty=lexgine::core::DataBlob
          ]
  c:\users\lexer\onedrive\documents\visual studio 2013\projects\tinyworld\lexgine\lexgine\lexgine\constant_buffer.cpp(40): note: No constructor could take the source type, or constructor overload resolution was ambiguous
c:\users\lexer\onedrive\documents\visual studio 2013\projects\tinyworld\lexgine\lexgine\lexgine\constant_buffer.cpp(43): error C2065: 'm_is_constructed': undeclared identifier
c:\users\lexer\onedrive\documents\visual studio 2013\projects\tinyworld\lexgine\lexgine\lexgine\constant_buffer.cpp(48): error C2270: 'size': modifiers not allowed on nonmember functions
c:\users\lexer\onedrive\documents\visual studio 2013\projects\tinyworld\lexgine\lexgine\lexgine\constant_buffer.cpp(49): error C2065: 'm_current_offset': undeclared identifier
c:\users\lexer\onedrive\documents\visual studio 2013\projects\tinyworld\lexgine\lexgine\lexgine\constant_buffer.cpp(54): error C2065: 'm_current_offset': undeclared identifier
c:\users\lexer\onedrive\documents\visual studio 2013\projects\tinyworld\lexgine\lexgine\lexgine\constant_buffer.cpp(55): error C2065: 'm_current_offset': undeclared identifier
c:\users\lexer\onedrive\documents\visual studio 2013\projects\tinyworld\lexgine\lexgine\lexgine\constant_buffer.cpp(60): error C2065: 'm_current_offset': undeclared identifier
c:\users\lexer\onedrive\documents\visual studio 2013\projects\tinyworld\lexgine\lexgine\lexgine\constant_buffer.cpp(61): error C2065: 'm_constants': undeclared identifier
c:\users\lexer\onedrive\documents\visual studio 2013\projects\tinyworld\lexgine\lexgine\lexgine\constant_buffer.cpp(61): error C2065: 'entry_desc': undeclared identifier
c:\users\lexer\onedrive\documents\visual studio 2013\projects\tinyworld\lexgine\lexgine\lexgine\constant_buffer.cpp(62): error C2065: 'm_is_constructed': undeclared identifier
c:\users\lexer\onedrive\documents\visual studio 2013\projects\tinyworld\lexgine\lexgine\lexgine\constant_buffer.cpp(69): error C2988: unrecognizable template declaration/definition
c:\users\lexer\onedrive\documents\visual studio 2013\projects\tinyworld\lexgine\lexgine\lexgine\constant_buffer.cpp(69): error C2143: syntax error: missing ';' before '<'
c:\users\lexer\onedrive\documents\visual studio 2013\projects\tinyworld\lexgine\lexgine\lexgine\constant_buffer.cpp(70): error C2143: syntax error: missing ';' before '{'
c:\users\lexer\onedrive\documents\visual studio 2013\projects\tinyworld\lexgine\lexgine\lexgine\constant_buffer.cpp(70): error C2447: '{': missing function header (old-style formal list?)
c:\users\lexer\onedrive\documents\visual studio 2013\projects\tinyworld\lexgine\lexgine\lexgine\constant_buffer.cpp(79): error C2988: unrecognizable template declaration/definition
c:\users\lexer\onedrive\documents\visual studio 2013\projects\tinyworld\lexgine\lexgine\lexgine\constant_buffer.cpp(79): error C2143: syntax error: missing ';' before '<'
c:\users\lexer\onedrive\documents\visual studio 2013\projects\tinyworld\lexgine\lexgine\lexgine\constant_buffer.cpp(80): error C2143: syntax error: missing ';' before '{'
c:\users\lexer\onedrive\documents\visual studio 2013\projects\tinyworld\lexgine\lexgine\lexgine\constant_buffer.cpp(80): error C2447: '{': missing function header (old-style formal list?)
c:\users\lexer\onedrive\documents\visual studio 2013\projects\tinyworld\lexgine\lexgine\lexgine\constant_buffer.cpp(84): error C2988: unrecognizable template declaration/definition
c:\users\lexer\onedrive\documents\visual studio 2013\projects\tinyworld\lexgine\lexgine\lexgine\constant_buffer.cpp(84): error C2143: syntax error: missing ';' before '<'
c:\users\lexer\onedrive\documents\visual studio 2013\projects\tinyworld\lexgine\lexgine\lexgine\constant_buffer.cpp(85): error C2143: syntax error: missing ';' before '{'
c:\users\lexer\onedrive\documents\visual studio 2013\projects\tinyworld\lexgine\lexgine\lexgine\constant_buffer.cpp(85): error C2447: '{': missing function header (old-style formal list?)
c:\users\lexer\onedrive\documents\visual studio 2013\projects\tinyworld\lexgine\lexgine\lexgine\constant_buffer.cpp(89): error C2988: unrecognizable template declaration/definition
c:\users\lexer\onedrive\documents\visual studio 2013\projects\tinyworld\lexgine\lexgine\lexgine\constant_buffer.cpp(89): error C2143: syntax error: missing ';' before '<'
c:\users\lexer\onedrive\documents\visual studio 2013\projects\tinyworld\lexgine\lexgine\lexgine\constant_buffer.cpp(90): error C2143: syntax error: missing ';' before '{'
c:\users\lexer\onedrive\documents\visual studio 2013\projects\tinyworld\lexgine\lexgine\lexgine\constant_buffer.cpp(90): error C2447: '{': missing function header (old-style formal list?)
c:\users\lexer\onedrive\documents\visual studio 2013\projects\tinyworld\lexgine\lexgine\lexgine\constant_buffer.cpp(93): fatal error C1004: unexpected end-of-file found
